L 1 "..\..\User\fonts\ra8875_asc_width.c"
N/*
N*********************************************************************************************************
N*
N*	模块名称 : RA8875 ASCII字体点阵字库。
N*	文件名称 : ra8875_asc_width.c
N*	版    本 : V1.0
N*	说    明 : RA8875 ASCII字体的宽度表
N*	修改记录 :
N*		版本号  日期       作者    说明
N*		v1.0    2015-04-18 armfly  首版
N*
N*	Copyright (C), 2015-2016, 安富莱电子 www.armfly.com
N*
N*********************************************************************************************************
N*/
N
Nunsigned char const g_RA8875_Ascii12_width[] = 
N{
N	0x03, 0x03, 0x06, 0x07, 0x07, 0x09, 0x09, 0x03, 0x04, 0x04, 0x05, 0x07, 0x03, 0x04, 0x03, 0x03, 
N	0x07, 0x07, 0x07, 0x07, 0x07, 0x07, 0x07, 0x07, 0x07, 0x07, 0x03, 0x03, 0x07, 0x07, 0x07, 0x07, 
N	0x0C, 0x08, 0x08, 0x08, 0x08, 0x07, 0x06, 0x08, 0x08, 0x03, 0x07, 0x08, 0x07, 0x0A, 0x08, 0x09, 
N	0x08, 0x09, 0x08, 0x08, 0x07, 0x08, 0x08, 0x0C, 0x08, 0x07, 0x07, 0x04, 0x03, 0x04, 0x07, 0x07, 
N	0x04, 0x07, 0x07, 0x07, 0x07, 0x07, 0x04, 0x07, 0x07, 0x03, 0x03, 0x07, 0x03, 0x0B, 0x07, 0x07, 
N	0x07, 0x07, 0x05, 0x07, 0x04, 0x07, 0x06, 0x0A, 0x07, 0x06, 0x06, 0x05, 0x03, 0x05, 0x07, 0x07
N};
N
Nunsigned char const g_RA8875_Ascii16_width[] = 
N{
N	0x04, 0x04, 0x08, 0x09, 0x09, 0x10, 0x0C, 0x04, 0x05, 0x05, 0x06, 0x09, 0x04, 0x05, 0x04, 0x04, 
N	0x09, 0x09, 0x09, 0x09, 0x09, 0x09, 0x09, 0x09, 0x09, 0x09, 0x06, 0x06, 0x09, 0x09, 0x09, 0x0A, 
N	0x10, 0x0B, 0x0C, 0x0C, 0x0C, 0x0B, 0x0A, 0x0C, 0x0C, 0x04, 0x09, 0x0C, 0x0A, 0x0D, 0x0C, 0x0C, 
N	0x0B, 0x0C, 0x0C, 0x0B, 0x0A, 0x0C, 0x0B, 0x0F, 0x0B, 0x0A, 0x09, 0x05, 0x04, 0x05, 0x09, 0x09, 
N	0x05, 0x09, 0x0A, 0x09, 0x0A, 0x09, 0x05, 0x0A, 0x0A, 0x04, 0x04, 0x09, 0x04, 0x0E, 0x0A, 0x0A, 
N	0x0A, 0x0A, 0x06, 0x09, 0x05, 0x0A, 0x09, 0x0D, 0x09, 0x09, 0x09, 0x06, 0x04, 0x06, 0x09, 0x09,
N};
N
Nunsigned char const g_RA8875_Ascii24_width[] = 
N{
N	0x07, 0x07, 0x0B, 0x0D, 0x0D, 0x12, 0x11, 0x06, 0x08, 0x08, 0x09, 0x0E, 0x07, 0x08, 0x07, 0x07, 
N	0x0D, 0x0D, 0x0D, 0x0D, 0x0D, 0x0D, 0x0D, 0x0D, 0x0D, 0x0D, 0x07, 0x07, 0x0E, 0x0E, 0x0E, 0x0F, 
N	0x17, 0x11, 0x11, 0x11, 0x11, 0x10, 0x0F, 0x13, 0x11, 0x07, 0x0D, 0x11, 0x0F, 0x15, 0x11, 0x12, 
N	0x10, 0x12, 0x11, 0x10, 0x0F, 0x11, 0x10, 0x17, 0x10, 0x0F, 0x0E, 0x08, 0x07, 0x08, 0x0E, 0x0D, 
N	0x08, 0x0D, 0x0F, 0x0D, 0x0F, 0x0D, 0x08, 0x0F, 0x0F, 0x07, 0x07, 0x0D, 0x07, 0x15, 0x0F, 0x0F, 
N	0x0F, 0x0F, 0x09, 0x0D, 0x08, 0x0F, 0x0D, 0x13, 0x0D, 0x0D, 0x0C, 0x09, 0x07, 0x09, 0x0E, 0x0D,
N};
N
Nunsigned char const g_RA8875_Ascii32_width[] = 
N{
N	0x09, 0x0A, 0x0F, 0x12, 0x12, 0x1A, 0x17, 0x08, 0x0B, 0x0B, 0x0C, 0x13, 0x09, 0x0B, 0x09, 0x09, 
N	0x12, 0x12, 0x12, 0x12, 0x12, 0x12, 0x12, 0x12, 0x12, 0x12, 0x0A, 0x0A, 0x13, 0x13, 0x13, 0x14, 
N	0x1F, 0x17, 0x16, 0x17, 0x17, 0x15, 0x14, 0x19, 0x16, 0x08, 0x11, 0x17, 0x14, 0x1B, 0x16, 0x18, 
N	0x14, 0x18, 0x16, 0x15, 0x14, 0x16, 0x15, 0x1F, 0x15, 0x14, 0x14, 0x0B, 0x09, 0x0B, 0x13, 0x12, 
N	0x0B, 0x12, 0x13, 0x12, 0x13, 0x12, 0x0B, 0x13, 0x13, 0x0A, 0x0A, 0x12, 0x0A, 0x1C, 0x13, 0x13, 
N	0x13, 0x13, 0x0D, 0x12, 0x0B, 0x13, 0x11, 0x19, 0x12, 0x11, 0x10, 0x0C, 0x09, 0x0C, 0x13, 0x11,
N};
N
N
